#
# There is insufficient memory for the Java Runtime Environment to continue.
# Native memory allocation (malloc) failed to allocate 85104 bytes for Chunk::new
# Possible reasons:
#   The system is out of physical RAM or swap space
#   In 32 bit mode, the process size limit was hit
# Possible solutions:
#   Reduce memory load on the system
#   Increase physical memory or swap space
#   Check if swap backing store is full
#   Use 64 bit Java on a 64 bit OS
#   Decrease Java heap size (-Xmx/-Xms)
#   Decrease number of Java threads
#   Decrease Java thread stack sizes (-Xss)
#   Set larger code cache with -XX:ReservedCodeCacheSize=
# This output file may be truncated or incomplete.
#
#  Out of Memory Error (allocation.cpp:390), pid=6908, tid=816
#
# JRE version: Java(TM) SE Runtime Environment (8.0_31-b13) (build 1.8.0_31-b13)
# Java VM: Java HotSpot(TM) 64-Bit Server VM (25.31-b07 mixed mode windows-amd64 compressed oops)
# Failed to write core dump. Minidumps are not enabled by default on client versions of Windows
#

---------------  T H R E A D  ---------------

Current thread (0x000000001560c000):  JavaThread "C2 CompilerThread0" daemon [_thread_in_native, id=816, stack(0x0000000016b70000,0x0000000016c70000)]

Stack: [0x0000000016b70000,0x0000000016c70000]
[error occurred during error reporting (printing stack bounds), id 0xc0000005]

Native frames: (J=compiled Java code, j=interpreted, Vv=VM code, C=native code)
V  [jvm.dll+0x3169ba]
V  [jvm.dll+0x2674c3]
V  [jvm.dll+0x268103]
V  [jvm.dll+0x280d66]
V  [jvm.dll+0x28492c]
V  [jvm.dll+0x5af20f]
C  [msvcr100.dll+0x712e3]
V  [jvm.dll+0x5ae90d]
C  [ntdll.dll+0x9666d]
C  [ntdll.dll+0x13c00]
C  [ntdll.dll+0x9577a]
V  [jvm.dll+0x206c01]


Current CompileTask:
C2:  15625 1621   !   4       java.net.URL::<init> (543 bytes)


---------------  P R O C E S S  ---------------

Java Threads: ( => current thread )
  0x0000000016e80800 JavaThread "Service Thread" daemon [_thread_blocked, id=4948, stack(0x0000000017270000,0x0000000017370000)]
  0x0000000015625000 JavaThread "C1 CompilerThread2" daemon [_thread_blocked, id=5980, stack(0x0000000016d70000,0x0000000016e70000)]
  0x0000000015620000 JavaThread "C2 CompilerThread1" daemon [_thread_in_native, id=4516, stack(0x0000000016c70000,0x0000000016d70000)]
=>0x000000001560c000 JavaThread "C2 CompilerThread0" daemon [_thread_in_native, id=816, stack(0x0000000016b70000,0x0000000016c70000)]
  0x000000001560a800 JavaThread "Attach Listener" daemon [_thread_blocked, id=8932, stack(0x0000000016a70000,0x0000000016b70000)]
  0x0000000015609800 JavaThread "Signal Dispatcher" daemon [_thread_blocked, id=8840, stack(0x0000000016970000,0x0000000016a70000)]
  0x0000000002fe4800 JavaThread "Finalizer" daemon [_thread_blocked, id=272, stack(0x0000000016870000,0x0000000016970000)]
  0x0000000002fdc000 JavaThread "Reference Handler" daemon [_thread_blocked, id=5032, stack(0x0000000016770000,0x0000000016870000)]
  0x0000000002eed800 JavaThread "main" [_thread_in_native, id=6472, stack(0x0000000002dd0000,0x0000000002ed0000)]

Other Threads:
  0x00000000155d6800 VMThread [stack: 0x0000000016670000,0x0000000016770000] [id=8836]
  0x000000001566b800 WatcherThread [stack: 0x0000000017370000,0x0000000017470000] [id=8660]

VM state:not at safepoint (normal execution)

VM Mutex/Monitor currently owned by a thread: None

Heap:
 PSYoungGen      total 18944K, used 18912K [0x00000000eb100000, 0x00000000ec600000, 0x0000000100000000)
  eden space 16384K, 100% used [0x00000000eb100000,0x00000000ec100000,0x00000000ec100000)
  from space 2560K, 98% used [0x00000000ec380000,0x00000000ec5f8020,0x00000000ec600000)
  to   space 2560K, 0% used [0x00000000ec100000,0x00000000ec100000,0x00000000ec380000)
 ParOldGen       total 44032K, used 5054K [0x00000000c1200000, 0x00000000c3d00000, 0x00000000eb100000)
  object space 44032K, 11% used [0x00000000c1200000,0x00000000c16ef878,0x00000000c3d00000)
 Metaspace       used 13990K, capacity 14186K, committed 14464K, reserved 1062912K
  class space    used 1724K, capacity 1839K, committed 1920K, reserved 1048576K

Card table byte_map: [0x00000000123b0000,0x00000000125b0000] byte_map_base: 0x0000000011da7000

Marking Bits: (ParMarkBitMap*) 0x000000007690d4f0
 Begin Bits: [0x0000000012b00000, 0x0000000013ab8000)
 End Bits:   [0x0000000013ab8000, 0x0000000014a70000)

Polling page: 0x00000000015c0000

CodeCache: size=245760Kb used=5499Kb max_used=5500Kb free=240260Kb
 bounds [0x0000000002ff0000, 0x0000000003560000, 0x0000000011ff0000]
 total_blobs=1967 nmethods=1631 adapters=250
 compilation: enabled

Compilation events (10 events):
Event: 15.160 Thread 0x000000001560c000 nmethod 1619 0x0000000003547750 code [0x00000000035478c0, 0x0000000003547b38]
Event: 15.175 Thread 0x0000000015620000 1620       4       java.util.HashMap$HashIterator::hasNext (13 bytes)
Event: 15.176 Thread 0x0000000015620000 nmethod 1620 0x000000000354eb50 code [0x000000000354ec80, 0x000000000354ecf8]
Event: 15.231 Thread 0x000000001560c000 1621   !   4       java.net.URL::<init> (543 bytes)
Event: 15.231 Thread 0x0000000015620000 1622       4       java.net.URLStreamHandler::setURL (40 bytes)
Event: 15.236 Thread 0x0000000015620000 nmethod 1622 0x0000000003547150 code [0x00000000035472a0, 0x00000000035475b8]
Event: 15.236 Thread 0x0000000015620000 1623   !   4       java.net.URL::set (114 bytes)
Event: 15.239 Thread 0x0000000015620000 nmethod 1623 0x0000000003546c50 code [0x0000000003546da0, 0x0000000003547078]
Event: 15.290 Thread 0x0000000015620000 1625       4       java.lang.Class::cast (27 bytes)
Event: 15.292 Thread 0x0000000015620000 nmethod 1625 0x0000000003550410 code [0x0000000003550540, 0x0000000003550638]

GC Heap History (8 events):
Event: 9.890 GC heap before
{Heap before GC invocations=1 (full 0):
 PSYoungGen      total 18944K, used 16384K [0x00000000eb100000, 0x00000000ec600000, 0x0000000100000000)
  eden space 16384K, 100% used [0x00000000eb100000,0x00000000ec100000,0x00000000ec100000)
  from space 2560K, 0% used [0x00000000ec380000,0x00000000ec380000,0x00000000ec600000)
  to   space 2560K, 0% used [0x00000000ec100000,0x00000000ec100000,0x00000000ec380000)
 ParOldGen       total 44032K, used 0K [0x00000000c1200000, 0x00000000c3d00000, 0x00000000eb100000)
  object space 44032K, 0% used [0x00000000c1200000,0x00000000c1200000,0x00000000c3d00000)
 Metaspace       used 6862K, capacity 7020K, committed 7296K, reserved 1056768K
  class space    used 800K, capacity 856K, committed 896K, reserved 1048576K
Event: 9.996 GC heap after
Heap after GC invocations=1 (full 0):
 PSYoungGen      total 18944K, used 2538K [0x00000000eb100000, 0x00000000ec600000, 0x0000000100000000)
  eden space 16384K, 0% used [0x00000000eb100000,0x00000000eb100000,0x00000000ec100000)
  from space 2560K, 99% used [0x00000000ec100000,0x00000000ec37a860,0x00000000ec380000)
  to   space 2560K, 0% used [0x00000000ec380000,0x00000000ec380000,0x00000000ec600000)
 ParOldGen       total 44032K, used 1037K [0x00000000c1200000, 0x00000000c3d00000, 0x00000000eb100000)
  object space 44032K, 2% used [0x00000000c1200000,0x00000000c1303648,0x00000000c3d00000)
 Metaspace       used 6862K, capacity 7020K, committed 7296K, reserved 1056768K
  class space    used 800K, capacity 856K, committed 896K, reserved 1048576K
}
Event: 11.392 GC heap before
{Heap before GC invocations=2 (full 0):
 PSYoungGen      total 18944K, used 18922K [0x00000000eb100000, 0x00000000ec600000, 0x0000000100000000)
  eden space 16384K, 100% used [0x00000000eb100000,0x00000000ec100000,0x00000000ec100000)
  from space 2560K, 99% used [0x00000000ec100000,0x00000000ec37a860,0x00000000ec380000)
  to   space 2560K, 0% used [0x00000000ec380000,0x00000000ec380000,0x00000000ec600000)
 ParOldGen       total 44032K, used 1037K [0x00000000c1200000, 0x00000000c3d00000, 0x00000000eb100000)
  object space 44032K, 2% used [0x00000000c1200000,0x00000000c1303648,0x00000000c3d00000)
 Metaspace       used 8125K, capacity 8290K, committed 8576K, reserved 1056768K
  class space    used 1004K, capacity 1081K, committed 1152K, reserved 1048576K
Event: 11.437 GC heap after
Heap after GC invocations=2 (full 0):
 PSYoungGen      total 18944K, used 2555K [0x00000000eb100000, 0x00000000ec600000, 0x0000000100000000)
  eden space 16384K, 0% used [0x00000000eb100000,0x00000000eb100000,0x00000000ec100000)
  from space 2560K, 99% used [0x00000000ec380000,0x00000000ec5fefa0,0x00000000ec600000)
  to   space 2560K, 0% used [0x00000000ec100000,0x00000000ec100000,0x00000000ec380000)
 ParOldGen       total 44032K, used 1216K [0x00000000c1200000, 0x00000000c3d00000, 0x00000000eb100000)
  object space 44032K, 2% used [0x00000000c1200000,0x00000000c1330238,0x00000000c3d00000)
 Metaspace       used 8125K, capacity 8290K, committed 8576K, reserved 1056768K
  class space    used 1004K, capacity 1081K, committed 1152K, reserved 1048576K
}
Event: 12.897 GC heap before
{Heap before GC invocations=3 (full 0):
 PSYoungGen      total 18944K, used 18939K [0x00000000eb100000, 0x00000000ec600000, 0x0000000100000000)
  eden space 16384K, 100% used [0x00000000eb100000,0x00000000ec100000,0x00000000ec100000)
  from space 2560K, 99% used [0x00000000ec380000,0x00000000ec5fefa0,0x00000000ec600000)
  to   space 2560K, 0% used [0x00000000ec100000,0x00000000ec100000,0x00000000ec380000)
 ParOldGen       total 44032K, used 1216K [0x00000000c1200000, 0x00000000c3d00000, 0x00000000eb100000)
  object space 44032K, 2% used [0x00000000c1200000,0x00000000c1330238,0x00000000c3d00000)
 Metaspace       used 9961K, capacity 10108K, committed 10240K, reserved 1058816K
  class space    used 1213K, capacity 1280K, committed 1280K, reserved 1048576K
Event: 12.905 GC heap after
Heap after GC invocations=3 (full 0):
 PSYoungGen      total 18944K, used 2533K [0x00000000eb100000, 0x00000000ec600000, 0x0000000100000000)
  eden space 16384K, 0% used [0x00000000eb100000,0x00000000eb100000,0x00000000ec100000)
  from space 2560K, 98% used [0x00000000ec100000,0x00000000ec379538,0x00000000ec380000)
  to   space 2560K, 0% used [0x00000000ec380000,0x00000000ec380000,0x00000000ec600000)
 ParOldGen       total 44032K, used 2940K [0x00000000c1200000, 0x00000000c3d00000, 0x00000000eb100000)
  object space 44032K, 6% used [0x00000000c1200000,0x00000000c14df308,0x00000000c3d00000)
 Metaspace       used 9961K, capacity 10108K, committed 10240K, reserved 1058816K
  class space    used 1213K, capacity 1280K, committed 1280K, reserved 1048576K
}
Event: 13.878 GC heap before
{Heap before GC invocations=4 (full 0):
 PSYoungGen      total 18944K, used 18917K [0x00000000eb100000, 0x00000000ec600000, 0x0000000100000000)
  eden space 16384K, 100% used [0x00000000eb100000,0x00000000ec100000,0x00000000ec100000)
  from space 2560K, 98% used [0x00000000ec100000,0x00000000ec379538,0x00000000ec380000)
  to   space 2560K, 0% used [0x00000000ec380000,0x00000000ec380000,0x00000000ec600000)
 ParOldGen       total 44032K, used 2940K [0x00000000c1200000, 0x00000000c3d00000, 0x00000000eb100000)
  object space 44032K, 6% used [0x00000000c1200000,0x00000000c14df308,0x00000000c3d00000)
 Metaspace       used 11784K, capacity 11982K, committed 12160K, reserved 1060864K
  class space    used 1465K, capacity 1541K, committed 1664K, reserved 1048576K
Event: 13.893 GC heap after
Heap after GC invocations=4 (full 0):
 PSYoungGen      total 18944K, used 2528K [0x00000000eb100000, 0x00000000ec600000, 0x0000000100000000)
  eden space 16384K, 0% used [0x00000000eb100000,0x00000000eb100000,0x00000000ec100000)
  from space 2560K, 98% used [0x00000000ec380000,0x00000000ec5f8020,0x00000000ec600000)
  to   space 2560K, 0% used [0x00000000ec100000,0x00000000ec100000,0x00000000ec380000)
 ParOldGen       total 44032K, used 5054K [0x00000000c1200000, 0x00000000c3d00000, 0x00000000eb100000)
  object space 44032K, 11% used [0x00000000c1200000,0x00000000c16ef878,0x00000000c3d00000)
 Metaspace       used 11784K, capacity 11982K, committed 12160K, reserved 1060864K
  class space    used 1465K, capacity 1541K, committed 1664K, reserved 1048576K
}

Deoptimization events (1 events):
Event: 10.587 Thread 0x0000000002eed800 Uncommon trap: reason=range_check action=make_not_entrant pc=0x0000000003265ca0 method=sun.reflect.generics.parser.SignatureParser.current()C @ 34

Internal exceptions (10 events):
Event: 15.309 Thread 0x0000000002eed800 Exception <a 'java/lang/NullPointerException'> (0x00000000ebec0378) thrown at [C:\workspace\8-2-build-windows-amd64-cygwin\jdk8u31\2394\hotspot\src\share\vm\interpreter\linkResolver.cpp, line 1178]
Event: 15.309 Thread 0x0000000002eed800 Exception <a 'java/security/PrivilegedActionException'> (0x00000000ebec0bb8) thrown at [C:\workspace\8-2-build-windows-amd64-cygwin\jdk8u31\2394\hotspot\src\share\vm\prims\jvm.cpp, line 1312]
Event: 15.309 Thread 0x0000000002eed800 Exception <a 'java/security/PrivilegedActionException'> (0x00000000ebec1218) thrown at [C:\workspace\8-2-build-windows-amd64-cygwin\jdk8u31\2394\hotspot\src\share\vm\prims\jvm.cpp, line 1312]
Event: 15.311 Thread 0x0000000002eed800 Exception <a 'java/security/PrivilegedActionException'> (0x00000000ebec8910) thrown at [C:\workspace\8-2-build-windows-amd64-cygwin\jdk8u31\2394\hotspot\src\share\vm\prims\jvm.cpp, line 1312]
Event: 15.311 Thread 0x0000000002eed800 Exception <a 'java/security/PrivilegedActionException'> (0x00000000ebec92f0) thrown at [C:\workspace\8-2-build-windows-amd64-cygwin\jdk8u31\2394\hotspot\src\share\vm\prims\jvm.cpp, line 1312]
Event: 15.312 Thread 0x0000000002eed800 Exception <a 'java/lang/NullPointerException'> (0x00000000ebed6ff0) thrown at [C:\workspace\8-2-build-windows-amd64-cygwin\jdk8u31\2394\hotspot\src\share\vm\interpreter\linkResolver.cpp, line 1178]
Event: 15.312 Thread 0x0000000002eed800 Exception <a 'java/lang/NullPointerException'> (0x00000000ebed71b0) thrown at [C:\workspace\8-2-build-windows-amd64-cygwin\jdk8u31\2394\hotspot\src\share\vm\interpreter\linkResolver.cpp, line 1178]
Event: 15.312 Thread 0x0000000002eed800 Exception <a 'java/lang/NullPointerException'> (0x00000000ebed7370) thrown at [C:\workspace\8-2-build-windows-amd64-cygwin\jdk8u31\2394\hotspot\src\share\vm\interpreter\linkResolver.cpp, line 1178]
Event: 15.328 Thread 0x0000000002eed800 Exception <a 'java/security/PrivilegedActionException'> (0x00000000ebed7ec8) thrown at [C:\workspace\8-2-build-windows-amd64-cygwin\jdk8u31\2394\hotspot\src\share\vm\prims\jvm.cpp, line 1312]
Event: 15.328 Thread 0x0000000002eed800 Exception <a 'java/security/PrivilegedActionException'> (0x00000000ebed8518) thrown at [C:\workspace\8-2-build-windows-amd64-cygwin\jdk8u31\2394\hotspot\src\share\vm\prims\jvm.cpp, line 1312]

Events (10 events):
Event: 15.309 loading class org/eclipse/aether/internal/impl/PrioritizedComponent done
Event: 15.311 loading class org/eclipse/aether/internal/impl/EnhancedLocalRepositoryManager
Event: 15.311 loading class org/eclipse/aether/internal/impl/EnhancedLocalRepositoryManager done
Event: 15.312 loading class java/util/ArrayList$SubList
Event: 15.326 loading class java/util/ArrayList$SubList done
Event: 15.327 loading class java/util/ArrayList$SubList$1
Event: 15.327 loading class java/util/ArrayList$SubList$1 done
Event: 15.327 loading class org/eclipse/aether/internal/impl/TrackingFileManager
Event: 15.327 loading class org/eclipse/aether/internal/impl/TrackingFileManager done
Event: 15.329 loading class java/nio/channels/OverlappingFileLockException


Dynamic libraries:
0x00007ff6e12e0000 - 0x00007ff6e1314000 	C:\Program Files\Java\jdk1.8.0_31\bin\java.exe
0x00007ffe56880000 - 0x00007ffe56a42000 	C:\Windows\SYSTEM32\ntdll.dll
0x00007ffe549b0000 - 0x00007ffe54a5d000 	C:\Windows\system32\KERNEL32.DLL
0x00007ffe53d60000 - 0x00007ffe53f3d000 	C:\Windows\system32\KERNELBASE.dll
0x00007ffe51a00000 - 0x00007ffe51a78000 	C:\Windows\system32\apphelp.dll
0x00007ffe54080000 - 0x00007ffe54126000 	C:\Windows\system32\ADVAPI32.dll
0x00007ffe54460000 - 0x00007ffe544fd000 	C:\Windows\system32\msvcrt.dll
0x00007ffe55010000 - 0x00007ffe5506b000 	C:\Windows\system32\sechost.dll
0x00007ffe56750000 - 0x00007ffe56876000 	C:\Windows\system32\RPCRT4.dll
0x00007ffe54ad0000 - 0x00007ffe54c1e000 	C:\Windows\system32\USER32.dll
0x00007ffe55070000 - 0x00007ffe551f3000 	C:\Windows\system32\GDI32.dll
0x00007ffe4edb0000 - 0x00007ffe4f024000 	C:\Windows\WinSxS\amd64_microsoft.windows.common-controls_6595b64144ccf1df_6.0.10240.17184_none_f41d7a705752bce6\COMCTL32.dll
0x00007ffe54970000 - 0x00007ffe549a6000 	C:\Windows\system32\IMM32.DLL
0x00007ffe54cf0000 - 0x00007ffe54e4c000 	C:\Windows\system32\MSCTF.dll
0x0000000050390000 - 0x0000000050462000 	C:\Program Files\Java\jdk1.8.0_31\jre\bin\msvcr100.dll
0x0000000076130000 - 0x000000007698a000 	C:\Program Files\Java\jdk1.8.0_31\jre\bin\server\jvm.dll
0x00007ffe546b0000 - 0x00007ffe546b8000 	C:\Windows\system32\PSAPI.DLL
0x00007ffe47f20000 - 0x00007ffe47f29000 	C:\Windows\SYSTEM32\WSOCK32.dll
0x00007ffe54010000 - 0x00007ffe54079000 	C:\Windows\system32\WS2_32.dll
0x00007ffe55000000 - 0x00007ffe55008000 	C:\Windows\system32\NSI.dll
0x00007ffe51430000 - 0x00007ffe51453000 	C:\Windows\SYSTEM32\WINMM.dll
0x00007ffe513d0000 - 0x00007ffe513fc000 	C:\Windows\SYSTEM32\WINMMBASE.dll
0x00007ffe53d10000 - 0x00007ffe53d54000 	C:\Windows\system32\cfgmgr32.dll
0x00007ffe51c20000 - 0x00007ffe51c47000 	C:\Windows\SYSTEM32\DEVOBJ.dll
0x0000000050380000 - 0x000000005038f000 	C:\Program Files\Java\jdk1.8.0_31\jre\bin\verify.dll
0x0000000050350000 - 0x0000000050378000 	C:\Program Files\Java\jdk1.8.0_31\jre\bin\java.dll
0x0000000050330000 - 0x0000000050346000 	C:\Program Files\Java\jdk1.8.0_31\jre\bin\zip.dll
0x00007ffe55200000 - 0x00007ffe56723000 	C:\Windows\system32\SHELL32.dll
0x00007ffe536e0000 - 0x00007ffe53d09000 	C:\Windows\system32\windows.storage.dll
0x00007ffe541e0000 - 0x00007ffe5445c000 	C:\Windows\system32\combase.dll
0x00007ffe53fa0000 - 0x00007ffe53ff1000 	C:\Windows\system32\shlwapi.dll
0x00007ffe53330000 - 0x00007ffe5333f000 	C:\Windows\system32\kernel.appcore.dll
0x00007ffe53620000 - 0x00007ffe536d3000 	C:\Windows\system32\shcore.dll
0x00007ffe532a0000 - 0x00007ffe532ea000 	C:\Windows\system32\powrprof.dll
0x00007ffe53310000 - 0x00007ffe53323000 	C:\Windows\system32\profapi.dll
0x00007ffe42da0000 - 0x00007ffe42daa000 	C:\apache-maven-3.5.0\lib\jansi-native\windows64\jansi.dll
0x00007ffe45470000 - 0x00007ffe455fa000 	C:\Windows\SYSTEM32\dbghelp.dll

VM Arguments:
jvm_args: -Dclassworlds.conf=C:\apache-maven-3.5.0\bin\..\bin\m2.conf -Dmaven.home=C:\apache-maven-3.5.0\bin\.. -Dmaven.multiModuleProjectDirectory=C:\Users\Levy\workspace\projectovenda 
java_command: org.codehaus.plexus.classworlds.launcher.Launcher -B -DskipTests clean dependency:list install
java_class_path (initial): C:\apache-maven-3.5.0\bin\..\boot\plexus-classworlds-2.5.2.jar
Launcher Type: SUN_STANDARD

Environment Variables:
JAVA_HOME=C:\Program Files\Java\jdk1.8.0_31
JRE_HOME=C:\Program Files\Java\jdk1.8.0_31\jre
CLASSPATH=.;C:\Program Files\Java\jdk1.8.0_31\lib;
PATH=C:\ProgramData\Oracle\Java\javapath;C:\Program Files (x86)\NVIDIA Corporation\PhysX\Common;C:\Windows\system32;C:\Windows;C:\Windows\System32\Wbem;C:\Windows\System32\WindowsPowerShell\v1.0\;C:\Program Files\Java\jdk1.8.0_31\bin;C:\apache-maven-3.5.0\bin;C:\xampp\php;C:\composer;C:\ProgramData\ComposerSetup\bin;C:\Program Files\nodejs\;C:\Program Files\Git\cmd;C:\Program Files\Java\jdk1.8.0_31\bin;C:\Users\Levy\AppData\Roaming\Composer\vendor\bin;   C:\ProgramData\ComposerSetup\bin;C:\Users\Levy\AppData\Roaming\Composer\vendor\bin;C:\Program Files\Microsoft VS Code\bin;C:\Users\Levy\AppData\Roaming\npm;C:\Program Files\Heroku\bin
USERNAME=Levy
OS=Windows_NT
PROCESSOR_IDENTIFIER=Intel64 Family 6 Model 37 Stepping 2, GenuineIntel



---------------  S Y S T E M  ---------------

OS: Windows 8.1 , 64 bit Build 9600 

CPU:total 4 (2 cores per cpu, 2 threads per core) family 6 model 37 stepping 2, cmov, cx8, fxsr, mmx, sse, sse2, sse3, ssse3, sse4.1, sse4.2, popcnt, ht, tsc, tscinvbit

Memory: 4k page, physical 4119412k(407284k free), swap 5567680k(4184k free)

vm_info: Java HotSpot(TM) 64-Bit Server VM (25.31-b07) for windows-amd64 JRE (1.8.0_31-b13), built on Dec 17 2014 21:00:28 by "java_re" with MS VC++ 10.0 (VS2010)

time: Tue Feb 27 23:57:27 2018
elapsed time: 15 seconds (0d 0h 0m 15s)

